


materialPath: D:\Steam\steamapps\common\GarrysMod\garrysmod\materials
Loading F:\My Project\gm_lazersk_tram\maps\gm_lazersk_tram.vmf
fixing up env_cubemap materials on brush sides...
0...1...2...3...4...5...6...7...8...9...100...1...2...3...4...5...6...7...8...9...10Processing areas...done (0)
Building Faces...done (0)
FixTjuncs...
PruneNodes...
WriteBSP...
done (0)
writing F:\My Project\gm_lazersk_tram\maps\gm_lazersk_tram.prt...
Building visibility clusters...
done (0)
Creating default LDR cubemaps for env_cubemap using skybox materials:
   skybox/sky_day_01*.vmt
 ! Run buildcubemaps in the engine to get the correct cube maps.
Creating default HDR cubemaps for env_cubemap using skybox materials:
   skybox/sky_day_01*.vmt
 ! Run buildcubemaps in the engine to get the correct cube maps.
Finding displacement neighbors...
Finding lightmap sample positions...
Displacement Alpha : 0...1...2...3...4...5...6...7...8...9...10
Building Physics collision data...
done (0) (2349 bytes)
Placing detail props : 0...1...2...3...4...5...6...7...8...9...10
Compacting texture/material tables...
Reduced 22 texinfos to 3
Reduced 3 texdatas to 3 (62 bytes to 62)
Writing F:\My Project\gm_lazersk_tram\maps\gm_lazersk_tram.bsp
2 seconds elapsed



12 threads
reading f:\my project\gm_lazersk_tram\maps\gm_lazersk_tram.bsp
reading f:\my project\gm_lazersk_tram\maps\gm_lazersk_tram.prt
 900 portalclusters
1740 numportals
0...1...2...3...4...5...6...7...8...9...100...1...2...3...4...5...6...7...8...9...10Optimized: 0 visible clusters (0.00%)
Total clusters visible: 810000
Average clusters visible: 900
Building PAS...
Average clusters audible: 900
visdatasize:210604  compressed from 216000
writing f:\my project\gm_lazersk_tram\maps\gm_lazersk_tram.bsp
18 seconds elapsed



[Reading texlights from 'lights.rad']
[45 texlights parsed from 'lights.rad']

Loading f:\my project\gm_lazersk_tram\maps\gm_lazersk_tram.bsp
PREP OK
9056 faces
14226756 square feet [2048652800.00 square inches]
0 Displacements
0 Square Feet [0.00 Square Inches]
9056 patches before subdivision
513056 patches after subdivision
2 direct lights
0...1...2...3...4...5...6...7...8...9...100...1...2...3...4...5...6...7...8...9...10transfers 6505078, max 7628
transfer lists:  49.6 megs
0...1...2...3...4...5...6...7...8...9...10	Bounce #1 added RGB(0, 0, 0)
Build Patch/Sample Hash Table(s).....Done<0.4521 sec>
0...1...2...3...4...5...6...7...8...9...10FinalLightFace Done
0 of 0 (0% of) surface lights went in leaf ambient cubes.
0...1...2...3...4...5...6...7...8...9...10Writing leaf ambient...done
Ready to Finish

Object names       Objects/Maxobjs  Memory / Maxmem  Fullness 
------------       ---------------  ---------------  -------- 
models                   1/4096           48/196608   ( 0.0%) 
brushes                  6/16384          72/196608   ( 0.0%) 
brushsides              36/163840        288/1310720  ( 0.0%) 
planes                 152/65536        3040/1310720  ( 0.2%) 
vertexes              9243/65536      110916/786432   (14.1%) 
nodes                 2755/65536       88160/2097152  ( 4.2%) 
texinfos                 3/16384         216/1179648  ( 0.0%) 
texdata                  3/8192           96/262144   ( 0.0%) 
dispinfos                0/0               0/0        ( 0.0%) 
disp_verts               0/0               0/0        ( 0.0%) 
disp_tris                0/0               0/0        ( 0.0%) 
disp_lmsamples           0/0               0/0        ( 0.0%) 
faces                 9056/65536      507136/3670016  (13.8%) 
hdr faces                0/65536           0/3670016  ( 0.0%) 
origfaces                6/65536         336/3670016  ( 0.0%) 
leaves                2757/65536       88224/2097152  ( 4.2%) 
leaffaces             9120/65536       18240/131072   (13.9%) 
leafbrushes           1856/65536        3712/131072   ( 2.8%) 
areas                    2/1024           16/8192     ( 0.2%) 
surfedges            36616/512000     146464/2048000  ( 7.2%) 
edges                18309/256000      73236/1024000  ( 7.2%) 
LDR worldlights          2/8192          176/720896   ( 0.0%) 
HDR worldlights          0/8192            0/720896   ( 0.0%) 
leafwaterdata            0/32768           0/393216   ( 0.0%) 
waterstrips             51/32768         510/327680   ( 0.2%) 
waterverts               0/65536           0/786432   ( 0.0%) 
waterindices          1380/65536        2760/131072   ( 2.1%) 
cubemapsamples           0/1024            0/16384    ( 0.0%) 
overlays                 0/8192            0/2883584  ( 0.0%) 
LDR lightdata         [variable]    17048024/0        ( 0.0%) 
HDR lightdata         [variable]           0/0        ( 0.0%) 
visdata               [variable]      210604/16777216 ( 1.3%) 
entdata               [variable]         613/393216   ( 0.2%) 
LDR ambient table     2757/65536       11028/262144   ( 4.2%) 
HDR ambient table     2757/65536       11028/262144   ( 4.2%) 
LDR leaf ambient      1298/65536       36344/1835008  ( 2.0%) 
HDR leaf ambient      2757/65536       77196/1835008  ( 4.2%) 
occluders                0/0               0/0        ( 0.0%) 
occluder polygons        0/0               0/0        ( 0.0%) 
occluder vert ind        0/0               0/0        ( 0.0%) 
detail props          [variable]           1/12       ( 8.3%) 
static props          [variable]           1/830      ( 0.1%) 
pakfile               [variable]       90676/0        ( 0.0%) 
physics               [variable]        2349/4194304  ( 0.1%) 
physics terrain       [variable]           2/1048576  ( 0.0%) 

Level flags = 0

Total triangle count: 18480
Writing f:\my project\gm_lazersk_tram\maps\gm_lazersk_tram.bsp
29 seconds elapsed



materialPath: D:\Steam\steamapps\common\GarrysMod\garrysmod\materials
Loading F:\My Project\gm_lazersk_tram\maps\gm_lazersk_tram.vmf
fixing up env_cubemap materials on brush sides...
0...1...2...3...4...5...6...7...8...9...100...1...2...3...4...5...6...7...8...9...10Processing areas...done (0)
Building Faces...done (0)
FixTjuncs...
PruneNodes...
WriteBSP...
done (0)
writing F:\My Project\gm_lazersk_tram\maps\gm_lazersk_tram.prt...
Building visibility clusters...
done (0)
Creating default LDR cubemaps for env_cubemap using skybox materials:
   skybox/sky_day_01*.vmt
 ! Run buildcubemaps in the engine to get the correct cube maps.
Creating default HDR cubemaps for env_cubemap using skybox materials:
   skybox/sky_day_01*.vmt
 ! Run buildcubemaps in the engine to get the correct cube maps.
Finding displacement neighbors...
Finding lightmap sample positions...
Displacement Alpha : 0...1...2...3...4...5...6...7...8...9...10
Building Physics collision data...
done (0) (2349 bytes)
Placing detail props : 0...1...2...3...4...5...6...7...8...9...10
Compacting texture/material tables...
Reduced 22 texinfos to 3
Reduced 3 texdatas to 3 (62 bytes to 62)
Writing F:\My Project\gm_lazersk_tram\maps\gm_lazersk_tram.bsp
1 second elapsed



12 threads
reading f:\my project\gm_lazersk_tram\maps\gm_lazersk_tram.bsp
reading f:\my project\gm_lazersk_tram\maps\gm_lazersk_tram.prt
 900 portalclusters
1740 numportals
0...1...2...3...4...5...6...7...8...9...100...1...2...3...4...5...6...7...8...9...10Optimized: 0 visible clusters (0.00%)
Total clusters visible: 810000
Average clusters visible: 900
Building PAS...
Average clusters audible: 900
visdatasize:210604  compressed from 216000
writing f:\my project\gm_lazersk_tram\maps\gm_lazersk_tram.bsp
16 seconds elapsed



[Reading texlights from 'lights.rad']
[45 texlights parsed from 'lights.rad']

Loading f:\my project\gm_lazersk_tram\maps\gm_lazersk_tram.bsp
PREP OK
9056 faces
14226756 square feet [2048652800.00 square inches]
0 Displacements
0 Square Feet [0.00 Square Inches]
9056 patches before subdivision
513056 patches after subdivision
2 direct lights
0...1...2...3...4...5...6...7...8...9...100...1...2...3...4...5...6...7...8...9...10transfers 6505078, max 7628
transfer lists:  49.6 megs
0...1...2...3...4...5...6...7...8...9...10	Bounce #1 added RGB(0, 0, 0)
Build Patch/Sample Hash Table(s).....Done<0.4557 sec>
0...1...2...3...4...5...6...7...8...9...10FinalLightFace Done
0 of 0 (0% of) surface lights went in leaf ambient cubes.
0...1...2...3...4...5...6...7...8...9...10Writing leaf ambient...done
Ready to Finish

Object names       Objects/Maxobjs  Memory / Maxmem  Fullness 
------------       ---------------  ---------------  -------- 
models                   1/4096           48/196608   ( 0.0%) 
brushes                  6/16384          72/196608   ( 0.0%) 
brushsides              36/163840        288/1310720  ( 0.0%) 
planes                 152/65536        3040/1310720  ( 0.2%) 
vertexes              9243/65536      110916/786432   (14.1%) 
nodes                 2755/65536       88160/2097152  ( 4.2%) 
texinfos                 3/16384         216/1179648  ( 0.0%) 
texdata                  3/8192           96/262144   ( 0.0%) 
dispinfos                0/0               0/0        ( 0.0%) 
disp_verts               0/0               0/0        ( 0.0%) 
disp_tris                0/0               0/0        ( 0.0%) 
disp_lmsamples           0/0               0/0        ( 0.0%) 
faces                 9056/65536      507136/3670016  (13.8%) 
hdr faces                0/65536           0/3670016  ( 0.0%) 
origfaces                6/65536         336/3670016  ( 0.0%) 
leaves                2757/65536       88224/2097152  ( 4.2%) 
leaffaces             9120/65536       18240/131072   (13.9%) 
leafbrushes           1856/65536        3712/131072   ( 2.8%) 
areas                    2/1024           16/8192     ( 0.2%) 
surfedges            36616/512000     146464/2048000  ( 7.2%) 
edges                18309/256000      73236/1024000  ( 7.2%) 
LDR worldlights          2/8192          176/720896   ( 0.0%) 
HDR worldlights          0/8192            0/720896   ( 0.0%) 
leafwaterdata            0/32768           0/393216   ( 0.0%) 
waterstrips             51/32768         510/327680   ( 0.2%) 
waterverts               0/65536           0/786432   ( 0.0%) 
waterindices          1380/65536        2760/131072   ( 2.1%) 
cubemapsamples           0/1024            0/16384    ( 0.0%) 
overlays                 0/8192            0/2883584  ( 0.0%) 
LDR lightdata         [variable]    17048024/0        ( 0.0%) 
HDR lightdata         [variable]           0/0        ( 0.0%) 
visdata               [variable]      210604/16777216 ( 1.3%) 
entdata               [variable]         611/393216   ( 0.2%) 
LDR ambient table     2757/65536       11028/262144   ( 4.2%) 
HDR ambient table     2757/65536       11028/262144   ( 4.2%) 
LDR leaf ambient      3819/65536      106932/1835008  ( 5.8%) 
HDR leaf ambient      2757/65536       77196/1835008  ( 4.2%) 
occluders                0/0               0/0        ( 0.0%) 
occluder polygons        0/0               0/0        ( 0.0%) 
occluder vert ind        0/0               0/0        ( 0.0%) 
detail props          [variable]           1/12       ( 8.3%) 
static props          [variable]           1/830      ( 0.1%) 
pakfile               [variable]       90676/0        ( 0.0%) 
physics               [variable]        2349/4194304  ( 0.1%) 
physics terrain       [variable]           2/1048576  ( 0.0%) 

Level flags = 0

Total triangle count: 18480
Writing f:\my project\gm_lazersk_tram\maps\gm_lazersk_tram.bsp
26 seconds elapsed



materialPath: D:\Steam\steamapps\common\GarrysMod\garrysmod\materials
Loading F:\My Project\gm_lazersk_tram\maps\gm_lazersk_tram.vmf
fixing up env_cubemap materials on brush sides...
0...1...2...3...4...5...6...7...8...9...10**** leaked ****
Entity prop_static (-1.00 -75.00 0.00) leaked!

FindPortalSide: Couldn't find a good match for which brush to assign to a portal near (15872.0 16384.0 -32.0)
Leaf 0 contents: 
Leaf 1 contents: CONTENTS_SOLID 
viscontents (node 0 contents ^ node 1 contents): CONTENTS_SOLID 
This means that none of the brushes in leaf 0 or 1 that touches the portal has CONTENTS_SOLID 
Check for a huge brush enclosing the coordinates above that has contents CONTENTS_SOLID 
Candidate brush IDs: 


FindPortalSide: Couldn't find a good match for which brush to assign to a portal near (16384.0 15872.0 -32.0)
Leaf 0 contents: 
Leaf 1 contents: CONTENTS_SOLID 
viscontents (node 0 contents ^ node 1 contents): CONTENTS_SOLID 
This means that none of the brushes in leaf 0 or 1 that touches the portal has CONTENTS_SOLID 
Check for a huge brush enclosing the coordinates above that has contents CONTENTS_SOLID 
Candidate brush IDs: 


FindPortalSide: Couldn't find a good match for which brush to assign to a portal near (14848.0 15360.0 8.0)
Leaf 0 contents: CONTENTS_SOLID 
Leaf 1 contents: 
viscontents (node 0 contents ^ node 1 contents): CONTENTS_SOLID 
This means that none of the brushes in leaf 0 or 1 that touches the portal has CONTENTS_SOLID 
Check for a huge brush enclosing the coordinates above that has contents CONTENTS_SOLID 
Candidate brush IDs: 


FindPortalSide: Couldn't find a good match for which brush to assign to a portal near (14848.0 15360.0 -72.0)
Leaf 0 contents: CONTENTS_SOLID 
Leaf 1 contents: 
viscontents (node 0 contents ^ node 1 contents): CONTENTS_SOLID 
This means that none of the brushes in leaf 0 or 1 that touches the portal has CONTENTS_SOLID 
Check for a huge brush enclosing the coordinates above that has contents CONTENTS_SOLID 
Candidate brush IDs: 


FindPortalSide: Couldn't find a good match for which brush to assign to a portal near (14848.0 16384.0 -32.0)
Leaf 0 contents: 
Leaf 1 contents: CONTENTS_SOLID 
viscontents (node 0 contents ^ node 1 contents): CONTENTS_SOLID 
This means that none of the brushes in leaf 0 or 1 that touches the portal has CONTENTS_SOLID 
Check for a huge brush enclosing the coordinates above that has contents CONTENTS_SOLID 
Candidate brush IDs: 


FindPortalSide: Couldn't find a good match for which brush to assign to a portal near (13824.0 15360.0 8.0)
Leaf 0 contents: CONTENTS_SOLID 
Leaf 1 contents: 
viscontents (node 0 contents ^ node 1 contents): CONTENTS_SOLID 
This means that none of the brushes in leaf 0 or 1 that touches the portal has CONTENTS_SOLID 
Check for a huge brush enclosing the coordinates above that has contents CONTENTS_SOLID 
Candidate brush IDs: 


FindPortalSide: Couldn't find a good match for which brush to assign to a portal near (13824.0 15360.0 -72.0)
Leaf 0 contents: CONTENTS_SOLID 
Leaf 1 contents: 
viscontents (node 0 contents ^ node 1 contents): CONTENTS_SOLID 
This means that none of the brushes in leaf 0 or 1 that touches the portal has CONTENTS_SOLID 
Check for a huge brush enclosing the coordinates above that has contents CONTENTS_SOLID 
Candidate brush IDs: 


FindPortalSide: Couldn't find a good match for which brush to assign to a portal near (13824.0 16384.0 -32.0)
Leaf 0 contents: 
Leaf 1 contents: CONTENTS_SOLID 
viscontents (node 0 contents ^ node 1 contents): CONTENTS_SOLID 
This means that none of the brushes in leaf 0 or 1 that touches the portal has CONTENTS_SOLID 
Check for a huge brush enclosing the coordinates above that has contents CONTENTS_SOLID 
Candidate brush IDs: 

*** Suppressing further FindPortalSide errors.... ***
Processing areas...done (0)
Building Faces...done (0)
FixTjuncs...
PruneNodes...
WriteBSP...
done (0)
Creating default LDR cubemaps for env_cubemap using skybox materials:
   skybox/sky_day_01*.vmt
 ! Run buildcubemaps in the engine to get the correct cube maps.
Creating default HDR cubemaps for env_cubemap using skybox materials:
   skybox/sky_day_01*.vmt
 ! Run buildcubemaps in the engine to get the correct cube maps.
Finding displacement neighbors...
Finding lightmap sample positions...
Displacement Alpha : 0...1...2...3...4...5...6...7...8...9...10
Building Physics collision data...
done (0) (589 bytes)
Placing detail props : 0...1...2...3...4...5...6...7...8...9...10
Compacting texture/material tables...
Reduced 4 texinfos to 2
Reduced 2 texdatas to 2 (36 bytes to 36)
Writing F:\My Project\gm_lazersk_tram\maps\gm_lazersk_tram.bsp
1 second elapsed



12 threads
reading f:\my project\gm_lazersk_tram\maps\gm_lazersk_tram.bsp
reading f:\my project\gm_lazersk_tram\maps\gm_lazersk_tram.prt
LoadPortals: couldn't read f:\my project\gm_lazersk_tram\maps\gm_lazersk_tram.prt



materialPath: D:\Steam\steamapps\common\GarrysMod\garrysmod\materials
Loading F:\My Project\gm_lazersk_tram\maps\gm_lazersk_tram.vmf
fixing up env_cubemap materials on brush sides...
0...1...2...3...4...5...6...7...8...9...10**** leaked ****
Entity prop_static (-1.00 -75.00 0.00) leaked!

FindPortalSide: Couldn't find a good match for which brush to assign to a portal near (15872.0 16384.0 -32.0)
Leaf 0 contents: 
Leaf 1 contents: CONTENTS_SOLID 
viscontents (node 0 contents ^ node 1 contents): CONTENTS_SOLID 
This means that none of the brushes in leaf 0 or 1 that touches the portal has CONTENTS_SOLID 
Check for a huge brush enclosing the coordinates above that has contents CONTENTS_SOLID 
Candidate brush IDs: 


FindPortalSide: Couldn't find a good match for which brush to assign to a portal near (16384.0 15872.0 -32.0)
Leaf 0 contents: 
Leaf 1 contents: CONTENTS_SOLID 
viscontents (node 0 contents ^ node 1 contents): CONTENTS_SOLID 
This means that none of the brushes in leaf 0 or 1 that touches the portal has CONTENTS_SOLID 
Check for a huge brush enclosing the coordinates above that has contents CONTENTS_SOLID 
Candidate brush IDs: 


FindPortalSide: Couldn't find a good match for which brush to assign to a portal near (14848.0 15360.0 8.0)
Leaf 0 contents: CONTENTS_SOLID 
Leaf 1 contents: 
viscontents (node 0 contents ^ node 1 contents): CONTENTS_SOLID 
This means that none of the brushes in leaf 0 or 1 that touches the portal has CONTENTS_SOLID 
Check for a huge brush enclosing the coordinates above that has contents CONTENTS_SOLID 
Candidate brush IDs: 


FindPortalSide: Couldn't find a good match for which brush to assign to a portal near (14848.0 15360.0 -72.0)
Leaf 0 contents: CONTENTS_SOLID 
Leaf 1 contents: 
viscontents (node 0 contents ^ node 1 contents): CONTENTS_SOLID 
This means that none of the brushes in leaf 0 or 1 that touches the portal has CONTENTS_SOLID 
Check for a huge brush enclosing the coordinates above that has contents CONTENTS_SOLID 
Candidate brush IDs: 


FindPortalSide: Couldn't find a good match for which brush to assign to a portal near (14848.0 16384.0 -32.0)
Leaf 0 contents: 
Leaf 1 contents: CONTENTS_SOLID 
viscontents (node 0 contents ^ node 1 contents): CONTENTS_SOLID 
This means that none of the brushes in leaf 0 or 1 that touches the portal has CONTENTS_SOLID 
Check for a huge brush enclosing the coordinates above that has contents CONTENTS_SOLID 
Candidate brush IDs: 


FindPortalSide: Couldn't find a good match for which brush to assign to a portal near (13824.0 15360.0 8.0)
Leaf 0 contents: CONTENTS_SOLID 
Leaf 1 contents: 
viscontents (node 0 contents ^ node 1 contents): CONTENTS_SOLID 
This means that none of the brushes in leaf 0 or 1 that touches the portal has CONTENTS_SOLID 
Check for a huge brush enclosing the coordinates above that has contents CONTENTS_SOLID 
Candidate brush IDs: 


FindPortalSide: Couldn't find a good match for which brush to assign to a portal near (13824.0 15360.0 -72.0)
Leaf 0 contents: CONTENTS_SOLID 
Leaf 1 contents: 
viscontents (node 0 contents ^ node 1 contents): CONTENTS_SOLID 
This means that none of the brushes in leaf 0 or 1 that touches the portal has CONTENTS_SOLID 
Check for a huge brush enclosing the coordinates above that has contents CONTENTS_SOLID 
Candidate brush IDs: 


FindPortalSide: Couldn't find a good match for which brush to assign to a portal near (13824.0 16384.0 -32.0)
Leaf 0 contents: 
Leaf 1 contents: CONTENTS_SOLID 
viscontents (node 0 contents ^ node 1 contents): CONTENTS_SOLID 
This means that none of the brushes in leaf 0 or 1 that touches the portal has CONTENTS_SOLID 
Check for a huge brush enclosing the coordinates above that has contents CONTENTS_SOLID 
Candidate brush IDs: 

*** Suppressing further FindPortalSide errors.... ***
Processing areas...done (0)
Building Faces...done (0)
FixTjuncs...
PruneNodes...
WriteBSP...
done (0)
Creating default LDR cubemaps for env_cubemap using skybox materials:
   skybox/sky_day_01*.vmt
 ! Run buildcubemaps in the engine to get the correct cube maps.
Creating default HDR cubemaps for env_cubemap using skybox materials:
   skybox/sky_day_01*.vmt
 ! Run buildcubemaps in the engine to get the correct cube maps.
Finding displacement neighbors...
Finding lightmap sample positions...
Displacement Alpha : 0...1...2...3...4...5...6...7...8...9...10
Building Physics collision data...
done (0) (592 bytes)
Placing detail props : 0...1...2...3...4...5...6...7...8...9...10
Compacting texture/material tables...
Reduced 4 texinfos to 2
Reduced 2 texdatas to 2 (44 bytes to 44)
Writing F:\My Project\gm_lazersk_tram\maps\gm_lazersk_tram.bsp
1 second elapsed



12 threads
reading f:\my project\gm_lazersk_tram\maps\gm_lazersk_tram.bsp
reading f:\my project\gm_lazersk_tram\maps\gm_lazersk_tram.prt
LoadPortals: couldn't read f:\my project\gm_lazersk_tram\maps\gm_lazersk_tram.prt



materialPath: D:\Steam\steamapps\common\GarrysMod\garrysmod\materials
Loading F:\My Project\gm_lazersk_tram\maps\gm_lazersk_tram.vmf
fixing up env_cubemap materials on brush sides...
0...1...2...3...4...5...6...7...8...9...10**** leaked ****
Entity prop_static (-1.00 -75.00 0.00) leaked!

FindPortalSide: Couldn't find a good match for which brush to assign to a portal near (15872.0 16384.0 -32.0)
Leaf 0 contents: 
Leaf 1 contents: CONTENTS_SOLID 
viscontents (node 0 contents ^ node 1 contents): CONTENTS_SOLID 
This means that none of the brushes in leaf 0 or 1 that touches the portal has CONTENTS_SOLID 
Check for a huge brush enclosing the coordinates above that has contents CONTENTS_SOLID 
Candidate brush IDs: 


FindPortalSide: Couldn't find a good match for which brush to assign to a portal near (16384.0 15872.0 -32.0)
Leaf 0 contents: 
Leaf 1 contents: CONTENTS_SOLID 
viscontents (node 0 contents ^ node 1 contents): CONTENTS_SOLID 
This means that none of the brushes in leaf 0 or 1 that touches the portal has CONTENTS_SOLID 
Check for a huge brush enclosing the coordinates above that has contents CONTENTS_SOLID 
Candidate brush IDs: 


FindPortalSide: Couldn't find a good match for which brush to assign to a portal near (14848.0 15360.0 8.0)
Leaf 0 contents: CONTENTS_SOLID 
Leaf 1 contents: 
viscontents (node 0 contents ^ node 1 contents): CONTENTS_SOLID 
This means that none of the brushes in leaf 0 or 1 that touches the portal has CONTENTS_SOLID 
Check for a huge brush enclosing the coordinates above that has contents CONTENTS_SOLID 
Candidate brush IDs: 


FindPortalSide: Couldn't find a good match for which brush to assign to a portal near (14848.0 15360.0 -72.0)
Leaf 0 contents: CONTENTS_SOLID 
Leaf 1 contents: 
viscontents (node 0 contents ^ node 1 contents): CONTENTS_SOLID 
This means that none of the brushes in leaf 0 or 1 that touches the portal has CONTENTS_SOLID 
Check for a huge brush enclosing the coordinates above that has contents CONTENTS_SOLID 
Candidate brush IDs: 


FindPortalSide: Couldn't find a good match for which brush to assign to a portal near (14848.0 16384.0 -32.0)
Leaf 0 contents: 
Leaf 1 contents: CONTENTS_SOLID 
viscontents (node 0 contents ^ node 1 contents): CONTENTS_SOLID 
This means that none of the brushes in leaf 0 or 1 that touches the portal has CONTENTS_SOLID 
Check for a huge brush enclosing the coordinates above that has contents CONTENTS_SOLID 
Candidate brush IDs: 


FindPortalSide: Couldn't find a good match for which brush to assign to a portal near (13824.0 15360.0 8.0)
Leaf 0 contents: CONTENTS_SOLID 
Leaf 1 contents: 
viscontents (node 0 contents ^ node 1 contents): CONTENTS_SOLID 
This means that none of the brushes in leaf 0 or 1 that touches the portal has CONTENTS_SOLID 
Check for a huge brush enclosing the coordinates above that has contents CONTENTS_SOLID 
Candidate brush IDs: 


FindPortalSide: Couldn't find a good match for which brush to assign to a portal near (13824.0 15360.0 -72.0)
Leaf 0 contents: CONTENTS_SOLID 
Leaf 1 contents: 
viscontents (node 0 contents ^ node 1 contents): CONTENTS_SOLID 
This means that none of the brushes in leaf 0 or 1 that touches the portal has CONTENTS_SOLID 
Check for a huge brush enclosing the coordinates above that has contents CONTENTS_SOLID 
Candidate brush IDs: 


FindPortalSide: Couldn't find a good match for which brush to assign to a portal near (13824.0 16384.0 -32.0)
Leaf 0 contents: 
Leaf 1 contents: CONTENTS_SOLID 
viscontents (node 0 contents ^ node 1 contents): CONTENTS_SOLID 
This means that none of the brushes in leaf 0 or 1 that touches the portal has CONTENTS_SOLID 
Check for a huge brush enclosing the coordinates above that has contents CONTENTS_SOLID 
Candidate brush IDs: 

*** Suppressing further FindPortalSide errors.... ***
Processing areas...done (0)
Building Faces...done (0)
FixTjuncs...
PruneNodes...
WriteBSP...
done (0)
Creating default LDR cubemaps for env_cubemap using skybox materials:
   skybox/sky_day_01*.vmt
 ! Run buildcubemaps in the engine to get the correct cube maps.
Creating default HDR cubemaps for env_cubemap using skybox materials:
   skybox/sky_day_01*.vmt
 ! Run buildcubemaps in the engine to get the correct cube maps.
Finding displacement neighbors...
Finding lightmap sample positions...
Displacement Alpha : 0...1...2...3...4...5...6...7...8...9...10
Building Physics collision data...
done (0) (67804 bytes)
Placing detail props : 0...1...2...3...4...5...6...7...8...9...10
Compacting texture/material tables...
Reduced 15 texinfos to 6
Reduced 4 texdatas to 4 (101 bytes to 101)
Writing F:\My Project\gm_lazersk_tram\maps\gm_lazersk_tram.bsp
2 seconds elapsed



12 threads
reading f:\my project\gm_lazersk_tram\maps\gm_lazersk_tram.bsp
reading f:\my project\gm_lazersk_tram\maps\gm_lazersk_tram.prt
LoadPortals: couldn't read f:\my project\gm_lazersk_tram\maps\gm_lazersk_tram.prt



materialPath: D:\Steam\steamapps\common\GarrysMod\garrysmod\materials
Loading F:\My Project\gm_lazersk_tram\maps\gm_lazersk_tram.vmf
fixing up env_cubemap materials on brush sides...
0...1...2...3...4...5...6...7...8...9...100...1...2...3...4...5...6...7...8...9...10Processing areas...done (0)
Building Faces...done (0)
FixTjuncs...
PruneNodes...
WriteBSP...
done (0)
writing F:\My Project\gm_lazersk_tram\maps\gm_lazersk_tram.prt...
Building visibility clusters...
done (0)
Creating default LDR cubemaps for env_cubemap using skybox materials:
   skybox/sky_day_01*.vmt
 ! Run buildcubemaps in the engine to get the correct cube maps.
Creating default HDR cubemaps for env_cubemap using skybox materials:
   skybox/sky_day_01*.vmt
 ! Run buildcubemaps in the engine to get the correct cube maps.
Finding displacement neighbors...
Finding lightmap sample positions...
Displacement Alpha : 0...1...2...3...4...5...6...7...8...9...10
Building Physics collision data...
done (0) (69561 bytes)
Placing detail props : 0...1...2...3...4...5...6...7...8...9...10
Compacting texture/material tables...
Reduced 33 texinfos to 7
Reduced 5 texdatas to 5 (119 bytes to 119)
Writing F:\My Project\gm_lazersk_tram\maps\gm_lazersk_tram.bsp
1 second elapsed



12 threads
reading f:\my project\gm_lazersk_tram\maps\gm_lazersk_tram.bsp
reading f:\my project\gm_lazersk_tram\maps\gm_lazersk_tram.prt
 900 portalclusters
1740 numportals
0...1...2...3...4...5...6...7...8...9...100...1...2...3...4...5...6...7...8...9...10Optimized: 0 visible clusters (0.00%)
Total clusters visible: 810000
Average clusters visible: 900
Building PAS...
Average clusters audible: 900
visdatasize:210604  compressed from 216000
writing f:\my project\gm_lazersk_tram\maps\gm_lazersk_tram.bsp
18 seconds elapsed



[Reading texlights from 'lights.rad']
[45 texlights parsed from 'lights.rad']

Loading f:\my project\gm_lazersk_tram\maps\gm_lazersk_tram.bsp
PREP OK
9056 faces
14226756 square feet [2048652800.00 square inches]
0 Displacements
0 Square Feet [0.00 Square Inches]
9056 patches before subdivision
513056 patches after subdivision
2 direct lights
0...1...2...3...4...5...6...7...8...9...100...1...2...3...4...5...6...7...8...9...10transfers 6505078, max 7628
transfer lists:  49.6 megs
0...1...2...3...4...5...6...7...8...9...10	Bounce #1 added RGB(0, 0, 0)
Build Patch/Sample Hash Table(s).....Done<0.5065 sec>
0...1...2...3...4...5...6...7...8...9...10FinalLightFace Done
0 of 0 (0% of) surface lights went in leaf ambient cubes.
0...1...2...3...4...5...6...7...8...9...10Writing leaf ambient...done
Ready to Finish

Object names       Objects/Maxobjs  Memory / Maxmem  Fullness 
------------       ---------------  ---------------  -------- 
models                   1/4096           48/196608   ( 0.0%) 
brushes                230/16384        2760/196608   ( 1.4%) 
brushsides            1380/163840      11040/1310720  ( 0.8%) 
planes                 152/65536        3040/1310720  ( 0.2%) 
vertexes              9243/65536      110916/786432   (14.1%) 
nodes                 2755/65536       88160/2097152  ( 4.2%) 
texinfos                 7/16384         504/1179648  ( 0.0%) 
texdata                  5/8192          160/262144   ( 0.1%) 
dispinfos                0/0               0/0        ( 0.0%) 
disp_verts               0/0               0/0        ( 0.0%) 
disp_tris                0/0               0/0        ( 0.0%) 
disp_lmsamples           0/0               0/0        ( 0.0%) 
faces                 9056/65536      507136/3670016  (13.8%) 
hdr faces                0/65536           0/3670016  ( 0.0%) 
origfaces              230/65536       12880/3670016  ( 0.4%) 
leaves                2757/65536       88224/2097152  ( 4.2%) 
leaffaces             9120/65536       18240/131072   (13.9%) 
leafbrushes           1856/65536        3712/131072   ( 2.8%) 
areas                    2/1024           16/8192     ( 0.2%) 
surfedges            37512/512000     150048/2048000  ( 7.3%) 
edges                18789/256000      75156/1024000  ( 7.3%) 
LDR worldlights          2/8192          176/720896   ( 0.0%) 
HDR worldlights          0/8192            0/720896   ( 0.0%) 
leafwaterdata            0/32768           0/393216   ( 0.0%) 
waterstrips             51/32768         510/327680   ( 0.2%) 
waterverts               0/65536           0/786432   ( 0.0%) 
waterindices          1380/65536        2760/131072   ( 2.1%) 
cubemapsamples           0/1024            0/16384    ( 0.0%) 
overlays                 0/8192            0/2883584  ( 0.0%) 
LDR lightdata         [variable]    20534688/0        ( 0.0%) 
HDR lightdata         [variable]           0/0        ( 0.0%) 
visdata               [variable]      210604/16777216 ( 1.3%) 
entdata               [variable]         614/393216   ( 0.2%) 
LDR ambient table     2757/65536       11028/262144   ( 4.2%) 
HDR ambient table     2757/65536       11028/262144   ( 4.2%) 
LDR leaf ambient     10157/65536      284396/1835008  (15.5%) 
HDR leaf ambient      2757/65536       77196/1835008  ( 4.2%) 
occluders                0/0               0/0        ( 0.0%) 
occluder polygons        0/0               0/0        ( 0.0%) 
occluder vert ind        0/0               0/0        ( 0.0%) 
detail props          [variable]           1/12       ( 8.3%) 
static props          [variable]           1/830      ( 0.1%) 
pakfile               [variable]       90676/0        ( 0.0%) 
physics               [variable]       69561/4194304  ( 1.7%) 
physics terrain       [variable]           2/1048576  ( 0.0%) 

Level flags = 0

Total triangle count: 18480
Writing f:\my project\gm_lazersk_tram\maps\gm_lazersk_tram.bsp
33 seconds elapsed



materialPath: D:\Steam\steamapps\common\GarrysMod\garrysmod\materials
Loading F:\My Project\gm_lazersk_tram\maps\gm_lazersk_tram.vmf
fixing up env_cubemap materials on brush sides...
0...1...2...3...4...5...6...7...8...9...100...1...2...3...4...5...6...7...8...9...10Processing areas...done (0)
Building Faces...done (0)
FixTjuncs...
PruneNodes...
WriteBSP...
done (0)
writing F:\My Project\gm_lazersk_tram\maps\gm_lazersk_tram.prt...
Building visibility clusters...
done (0)
Creating default LDR cubemaps for env_cubemap using skybox materials:
   skybox/sky_day_01*.vmt
 ! Run buildcubemaps in the engine to get the correct cube maps.
Creating default HDR cubemaps for env_cubemap using skybox materials:
   skybox/sky_day_01*.vmt
 ! Run buildcubemaps in the engine to get the correct cube maps.
Finding displacement neighbors...
Finding lightmap sample positions...
Displacement Alpha : 0...1...2...3...4...5...6...7...8...9...10
Building Physics collision data...
done (0) (69561 bytes)
Placing detail props : 0...1...2...3...4...5...6...7...8...9...10
Compacting texture/material tables...
Reduced 33 texinfos to 7
Reduced 5 texdatas to 5 (119 bytes to 119)
Writing F:\My Project\gm_lazersk_tram\maps\gm_lazersk_tram.bsp
2 seconds elapsed



12 threads
reading f:\my project\gm_lazersk_tram\maps\gm_lazersk_tram.bsp
reading f:\my project\gm_lazersk_tram\maps\gm_lazersk_tram.prt
 900 portalclusters
1740 numportals
0...1...2...3...4...5...6...7...8...9...100...1...2...3...4...5...6...7...8...9...10Optimized: 0 visible clusters (0.00%)
Total clusters visible: 810000
Average clusters visible: 900
Building PAS...
Average clusters audible: 900
visdatasize:210604  compressed from 216000
writing f:\my project\gm_lazersk_tram\maps\gm_lazersk_tram.bsp
18 seconds elapsed



[Reading texlights from 'lights.rad']
[45 texlights parsed from 'lights.rad']

Loading f:\my project\gm_lazersk_tram\maps\gm_lazersk_tram.bsp
PREP OK
9056 faces
14226756 square feet [2048652800.00 square inches]
0 Displacements
0 Square Feet [0.00 Square Inches]
9056 patches before subdivision
513056 patches after subdivision
2 direct lights
0...1...2...3...4...5...6...7...8...9...100...1...2...3...4...5...6...7...8...9...10transfers 6504872, max 7628
transfer lists:  49.6 megs
0...1...2...3...4...5...6...7...8...9...10	Bounce #1 added RGB(0, 0, 0)
Build Patch/Sample Hash Table(s).....Done<0.4940 sec>
0...1...2...3...4...5...6...7...8...9...10FinalLightFace Done
0 of 0 (0% of) surface lights went in leaf ambient cubes.
0...1...2...3...4...5...6...7...8...9...10Writing leaf ambient...done
Ready to Finish

Object names       Objects/Maxobjs  Memory / Maxmem  Fullness 
------------       ---------------  ---------------  -------- 
models                   1/4096           48/196608   ( 0.0%) 
brushes                230/16384        2760/196608   ( 1.4%) 
brushsides            1380/163840      11040/1310720  ( 0.8%) 
planes                 152/65536        3040/1310720  ( 0.2%) 
vertexes              9243/65536      110916/786432   (14.1%) 
nodes                 2755/65536       88160/2097152  ( 4.2%) 
texinfos                 7/16384         504/1179648  ( 0.0%) 
texdata                  5/8192          160/262144   ( 0.1%) 
dispinfos                0/0               0/0        ( 0.0%) 
disp_verts               0/0               0/0        ( 0.0%) 
disp_tris                0/0               0/0        ( 0.0%) 
disp_lmsamples           0/0               0/0        ( 0.0%) 
faces                 9056/65536      507136/3670016  (13.8%) 
hdr faces                0/65536           0/3670016  ( 0.0%) 
origfaces              230/65536       12880/3670016  ( 0.4%) 
leaves                2757/65536       88224/2097152  ( 4.2%) 
leaffaces             9120/65536       18240/131072   (13.9%) 
leafbrushes           1856/65536        3712/131072   ( 2.8%) 
areas                    2/1024           16/8192     ( 0.2%) 
surfedges            37512/512000     150048/2048000  ( 7.3%) 
edges                18789/256000      75156/1024000  ( 7.3%) 
LDR worldlights          2/8192          176/720896   ( 0.0%) 
HDR worldlights          0/8192            0/720896   ( 0.0%) 
leafwaterdata            0/32768           0/393216   ( 0.0%) 
waterstrips             51/32768         510/327680   ( 0.2%) 
waterverts               0/65536           0/786432   ( 0.0%) 
waterindices          1380/65536        2760/131072   ( 2.1%) 
cubemapsamples           0/1024            0/16384    ( 0.0%) 
overlays                 0/8192            0/2883584  ( 0.0%) 
LDR lightdata         [variable]    20534688/0        ( 0.0%) 
HDR lightdata         [variable]           0/0        ( 0.0%) 
visdata               [variable]      210604/16777216 ( 1.3%) 
entdata               [variable]        2146/393216   ( 0.5%) 
LDR ambient table     2757/65536       11028/262144   ( 4.2%) 
HDR ambient table     2757/65536       11028/262144   ( 4.2%) 
LDR leaf ambient      9980/65536      279440/1835008  (15.2%) 
HDR leaf ambient      2757/65536       77196/1835008  ( 4.2%) 
occluders                0/0               0/0        ( 0.0%) 
occluder polygons        0/0               0/0        ( 0.0%) 
occluder vert ind        0/0               0/0        ( 0.0%) 
detail props          [variable]           1/12       ( 8.3%) 
static props          [variable]           1/1180     ( 0.1%) 
pakfile               [variable]       90676/0        ( 0.0%) 
physics               [variable]       69561/4194304  ( 1.7%) 
physics terrain       [variable]           2/1048576  ( 0.0%) 

Level flags = 0

Total triangle count: 18480
Writing f:\my project\gm_lazersk_tram\maps\gm_lazersk_tram.bsp
33 seconds elapsed



materialPath: D:\Steam\steamapps\common\GarrysMod\garrysmod\materials
Loading F:\My Project\gm_lazersk_tram\maps\gm_lazersk_tram.vmf
fixing up env_cubemap materials on brush sides...
0...1...2...3...4...5...6...7...8...9...100...1...2...3...4...5...6...7...8...9...10Processing areas...done (0)
Building Faces...done (0)
FixTjuncs...
PruneNodes...
WriteBSP...
done (0)
writing F:\My Project\gm_lazersk_tram\maps\gm_lazersk_tram.prt...
Building visibility clusters...
done (0)
Creating default LDR cubemaps for env_cubemap using skybox materials:
   skybox/sky_day_01*.vmt
 ! Run buildcubemaps in the engine to get the correct cube maps.
Creating default HDR cubemaps for env_cubemap using skybox materials:
   skybox/sky_day_01*.vmt
 ! Run buildcubemaps in the engine to get the correct cube maps.
Finding displacement neighbors...
Finding lightmap sample positions...
Displacement Alpha : 0...1...2...3...4...5...6...7...8...9...10
Building Physics collision data...
done (1) (271313 bytes)
Placing detail props : 0...1...2...3...4...5...6...7...8...9...10
Compacting texture/material tables...
Reduced 23 texinfos to 5
Reduced 5 texdatas to 5 (119 bytes to 119)
Writing F:\My Project\gm_lazersk_tram\maps\gm_lazersk_tram.bsp
2 seconds elapsed



12 threads
reading f:\my project\gm_lazersk_tram\maps\gm_lazersk_tram.bsp
reading f:\my project\gm_lazersk_tram\maps\gm_lazersk_tram.prt
 900 portalclusters
1740 numportals
0...1...2...3...4...5...6...7...8...9...100...1...2...3...4...5...6...7...8...9...10Optimized: 0 visible clusters (0.00%)
Total clusters visible: 810000
Average clusters visible: 900
Building PAS...
Average clusters audible: 900
visdatasize:210604  compressed from 216000
writing f:\my project\gm_lazersk_tram\maps\gm_lazersk_tram.bsp
16 seconds elapsed



[Reading texlights from 'lights.rad']
[45 texlights parsed from 'lights.rad']

Loading f:\my project\gm_lazersk_tram\maps\gm_lazersk_tram.bsp
PREP OK
9056 faces
14226756 square feet [2048652800.00 square inches]
0 Displacements
0 Square Feet [0.00 Square Inches]
9056 patches before subdivision
513056 patches after subdivision
2 direct lights
0...1...2...3...4...5...6...7...8...9...100...1...2...3...4...5...6...7...8...9...10transfers 6504950, max 7628
transfer lists:  49.6 megs
0...1...2...3...4...5...6...7...8...9...10	Bounce #1 added RGB(0, 0, 0)
Build Patch/Sample Hash Table(s).....Done<0.4995 sec>
0...1...2...3...4...5...6...7...8...9...10FinalLightFace Done
0 of 0 (0% of) surface lights went in leaf ambient cubes.
0...1...2...3...4...5...6...7...8...9...10Writing leaf ambient...done
Ready to Finish

Object names       Objects/Maxobjs  Memory / Maxmem  Fullness 
------------       ---------------  ---------------  -------- 
models                   1/4096           48/196608   ( 0.0%) 
brushes                905/16384       10860/196608   ( 5.5%) 
brushsides            5430/163840      43440/1310720  ( 3.3%) 
planes                 152/65536        3040/1310720  ( 0.2%) 
vertexes              9243/65536      110916/786432   (14.1%) 
nodes                 2755/65536       88160/2097152  ( 4.2%) 
texinfos                 5/16384         360/1179648  ( 0.0%) 
texdata                  5/8192          160/262144   ( 0.1%) 
dispinfos                0/0               0/0        ( 0.0%) 
disp_verts               0/0               0/0        ( 0.0%) 
disp_tris                0/0               0/0        ( 0.0%) 
disp_lmsamples           0/0               0/0        ( 0.0%) 
faces                 9056/65536      507136/3670016  (13.8%) 
hdr faces                0/65536           0/3670016  ( 0.0%) 
origfaces              905/65536       50680/3670016  ( 1.4%) 
leaves                2757/65536       88224/2097152  ( 4.2%) 
leaffaces             9120/65536       18240/131072   (13.9%) 
leafbrushes           1856/65536        3712/131072   ( 2.8%) 
areas                    2/1024           16/8192     ( 0.2%) 
surfedges            40212/512000     160848/2048000  ( 7.9%) 
edges                20169/256000      80676/1024000  ( 7.9%) 
LDR worldlights          2/8192          176/720896   ( 0.0%) 
HDR worldlights          0/8192            0/720896   ( 0.0%) 
leafwaterdata            0/32768           0/393216   ( 0.0%) 
waterstrips             51/32768         510/327680   ( 0.2%) 
waterverts               0/65536           0/786432   ( 0.0%) 
waterindices          1380/65536        2760/131072   ( 2.1%) 
cubemapsamples           0/1024            0/16384    ( 0.0%) 
overlays                 0/8192            0/2883584  ( 0.0%) 
LDR lightdata         [variable]    21256748/0        ( 0.0%) 
HDR lightdata         [variable]           0/0        ( 0.0%) 
visdata               [variable]      210604/16777216 ( 1.3%) 
entdata               [variable]        5491/393216   ( 1.4%) 
LDR ambient table     2757/65536       11028/262144   ( 4.2%) 
HDR ambient table     2757/65536       11028/262144   ( 4.2%) 
LDR leaf ambient     13152/65536      368256/1835008  (20.1%) 
HDR leaf ambient      2757/65536       77196/1835008  ( 4.2%) 
occluders                0/0               0/0        ( 0.0%) 
occluder polygons        0/0               0/0        ( 0.0%) 
occluder vert ind        0/0               0/0        ( 0.0%) 
detail props          [variable]           1/12       ( 8.3%) 
static props          [variable]           1/1170     ( 0.1%) 
pakfile               [variable]       90676/0        ( 0.0%) 
physics               [variable]      271313/4194304  ( 6.5%) 
physics terrain       [variable]           2/1048576  ( 0.0%) 

Level flags = 0

Total triangle count: 18480
Writing f:\my project\gm_lazersk_tram\maps\gm_lazersk_tram.bsp
36 seconds elapsed



materialPath: D:\Steam\steamapps\common\GarrysMod\garrysmod\materials
Loading F:\My Project\gm_lazersk_tram\maps\gm_lazersk_tram.vmf
fixing up env_cubemap materials on brush sides...
0...1...2...3...4...5...6...7...8...9...100...1...2...3...4...5...6...7...8...9...10Processing areas...done (0)
Building Faces...done (0)
FixTjuncs...
PruneNodes...
WriteBSP...
done (0)
writing F:\My Project\gm_lazersk_tram\maps\gm_lazersk_tram.prt...
Building visibility clusters...
done (0)
Creating default LDR cubemaps for env_cubemap using skybox materials:
   skybox/sky_day_01*.vmt
 ! Run buildcubemaps in the engine to get the correct cube maps.
Creating default HDR cubemaps for env_cubemap using skybox materials:
   skybox/sky_day_01*.vmt
 ! Run buildcubemaps in the engine to get the correct cube maps.
Finding displacement neighbors...
Finding lightmap sample positions...
Displacement Alpha : 0...1...2...3...4...5...6...7...8...9...10
Building Physics collision data...
done (0) (1073785 bytes)
Unable to load vertex data "models/rusroadsigns/ru_znak__5-16.vvd"



materialPath: D:\Steam\steamapps\common\GarrysMod\garrysmod\materials
Loading F:\My Project\gm_lazersk_tram\maps\gm_lazersk_tram.vmf
fixing up env_cubemap materials on brush sides...
0...1...2...3...4...5...6...7...8...9...100...1...2...3...4...5...6...7...8...9...10Processing areas...done (0)
Building Faces...done (0)
FixTjuncs...
PruneNodes...
WriteBSP...
done (0)
writing F:\My Project\gm_lazersk_tram\maps\gm_lazersk_tram.prt...
Building visibility clusters...
done (0)
Creating default LDR cubemaps for env_cubemap using skybox materials:
   skybox/sky_day_01*.vmt
 ! Run buildcubemaps in the engine to get the correct cube maps.
Creating default HDR cubemaps for env_cubemap using skybox materials:
   skybox/sky_day_01*.vmt
 ! Run buildcubemaps in the engine to get the correct cube maps.
Finding displacement neighbors...
Finding lightmap sample positions...
Displacement Alpha : 0...1...2...3...4...5...6...7...8...9...10
Building Physics collision data...
done (0) (1073785 bytes)
Unable to load vertex data "models/rusroadsigns/ru_znak__5-16.vvd"



materialPath: D:\Steam\steamapps\common\GarrysMod\garrysmod\materials
Loading F:\My Project\gm_lazersk_tram\maps\gm_lazersk_tram.vmf
fixing up env_cubemap materials on brush sides...
0...1...2...3...4...5...6...7...8...9...100...1...2...3...4...5...6...7...8...9...10Processing areas...done (0)
Building Faces...done (0)
FixTjuncs...
PruneNodes...
WriteBSP...
done (0)
writing F:\My Project\gm_lazersk_tram\maps\gm_lazersk_tram.prt...
Building visibility clusters...
done (0)
Creating default LDR cubemaps for env_cubemap using skybox materials:
   skybox/sky_day_01*.vmt
 ! Run buildcubemaps in the engine to get the correct cube maps.
Creating default HDR cubemaps for env_cubemap using skybox materials:
   skybox/sky_day_01*.vmt
 ! Run buildcubemaps in the engine to get the correct cube maps.
Finding displacement neighbors...
Finding lightmap sample positions...
Displacement Alpha : 0...1...2...3...4...5...6...7...8...9...10
Building Physics collision data...
done (0) (1073785 bytes)
Unable to load vertex data "models/rusroadsigns/ru_znak__5-19.vvd"



materialPath: D:\Steam\steamapps\common\GarrysMod\garrysmod\materials
Loading C:\Users\kosty\Desktop\gm_lazersk_tram\maps\gm_lazersk_tram.vmf
fixing up env_cubemap materials on brush sides...
0...1...2...3...4...5...6...7...8...9...100...1...2...3...4...5...6...7...8...9...10Processing areas...done (0)
Building Faces...done (0)
FixTjuncs...
PruneNodes...
WriteBSP...
done (0)
writing C:\Users\kosty\Desktop\gm_lazersk_tram\maps\gm_lazersk_tram.prt...
Building visibility clusters...
done (0)
Creating default LDR cubemaps for env_cubemap using skybox materials:
   skybox/sky_day_01*.vmt
 ! Run buildcubemaps in the engine to get the correct cube maps.
Creating default HDR cubemaps for env_cubemap using skybox materials:
   skybox/sky_day_01*.vmt
 ! Run buildcubemaps in the engine to get the correct cube maps.
Finding displacement neighbors...
Finding lightmap sample positions...
Displacement Alpha : 0...1...2...3...4...5...6...7...8...9...10
Building Physics collision data...
done (1) (1073785 bytes)
Placing detail props : 0...1...2...3...4...5...6...7...8...9...10
Compacting texture/material tables...
Reduced 28 texinfos to 8
Reduced 6 texdatas to 6 (144 bytes to 144)
Writing C:\Users\kosty\Desktop\gm_lazersk_tram\maps\gm_lazersk_tram.bsp
2 seconds elapsed



16 threads
reading c:\users\kosty\desktop\gm_lazersk_tram\maps\gm_lazersk_tram.bsp
reading c:\users\kosty\desktop\gm_lazersk_tram\maps\gm_lazersk_tram.prt
 908 portalclusters
1766 numportals
0...1...2...3...4...5...6...7...8...9...100...1...2...3...4...5...6...7...8...9...10Optimized: 0 visible clusters (0.00%)
Total clusters visible: 824432
Average clusters visible: 907
Building PAS...
Average clusters audible: 908
visdatasize:214292  compressed from 217920
writing c:\users\kosty\desktop\gm_lazersk_tram\maps\gm_lazersk_tram.bsp
8 seconds elapsed



[Reading texlights from 'lights.rad']
[45 texlights parsed from 'lights.rad']

Loading c:\users\kosty\desktop\gm_lazersk_tram\maps\gm_lazersk_tram.bsp
PREP OK
8781 faces
15900098 square feet [2289614080.00 square inches]
0 Displacements
0 Square Feet [0.00 Square Inches]
8781 patches before subdivision
610469 patches after subdivision
2 direct lights
0...1...2...3...4...5...6...7...8...9...100...1...2...3...4...5...6...7...8...9...10transfers 54174470, max 7328
transfer lists: 413.3 megs
0...1...2...3...4...5...6...7...8...9...10	Bounce #1 added RGB(234344, 234769, 147450)
0...1...2...3...4...5...6...7...8...9...10	Bounce #2 added RGB(12669, 12347, 6166)
0...1...2...3...4...5...6...7...8...9...10	Bounce #3 added RGB(294, 278, 112)
0...1...2...3...4...5...6...7...8...9...10	Bounce #4 added RGB(17, 16, 5)
0...1...2...3...4...5...6...7...8...9...10	Bounce #5 added RGB(0, 0, 0)
Build Patch/Sample Hash Table(s).....Done<0.3224 sec>
0...1...2...3...4...5...6...7...8...9...10FinalLightFace Done
0 of 0 (0% of) surface lights went in leaf ambient cubes.
0...1...2...3...4...5...6...7...8...9...10Writing leaf ambient...done
Ready to Finish

Object names       Objects/Maxobjs  Memory / Maxmem  Fullness 
------------       ---------------  ---------------  -------- 
models                   1/4096           48/196608   ( 0.0%) 
brushes               3606/16384       43272/196608   (22.0%) 
brushsides           21636/163840     173088/1310720  (13.2%) 
planes                 274/65536        5480/1310720  ( 0.4%) 
vertexes             11547/65536      138564/786432   (17.6%) 
nodes                 2801/65536       89632/2097152  ( 4.3%) 
texinfos                 8/16384         576/1179648  ( 0.0%) 
texdata                  6/8192          192/262144   ( 0.1%) 
dispinfos                0/0               0/0        ( 0.0%) 
disp_verts               0/0               0/0        ( 0.0%) 
disp_tris                0/0               0/0        ( 0.0%) 
disp_lmsamples           0/0               0/0        ( 0.0%) 
faces                 8781/65536      491736/3670016  (13.4%) 
hdr faces                0/65536           0/3670016  ( 0.0%) 
origfaces             1065/65536       59640/3670016  ( 1.6%) 
leaves                2803/65536       89696/2097152  ( 4.3%) 
leaffaces             8867/65536       17734/131072   (13.5%) 
leafbrushes           4578/65536        9156/131072   ( 7.0%) 
areas                    2/1024           16/8192     ( 0.2%) 
surfedges            39806/512000     159224/2048000  ( 7.8%) 
edges                21704/256000      86816/1024000  ( 8.5%) 
LDR worldlights          2/8192          176/720896   ( 0.0%) 
HDR worldlights          0/8192            0/720896   ( 0.0%) 
leafwaterdata            0/32768           0/393216   ( 0.0%) 
waterstrips             49/32768         490/327680   ( 0.1%) 
waterverts               0/65536           0/786432   ( 0.0%) 
waterindices          1164/65536        2328/131072   ( 1.8%) 
cubemapsamples           0/1024            0/16384    ( 0.0%) 
overlays                 0/8192            0/2883584  ( 0.0%) 
LDR lightdata         [variable]    21413420/0        ( 0.0%) 
HDR lightdata         [variable]           0/0        ( 0.0%) 
visdata               [variable]      214292/16777216 ( 1.3%) 
entdata               [variable]        4252/393216   ( 1.1%) 
LDR ambient table     2803/65536       11212/262144   ( 4.3%) 
HDR ambient table     2803/65536       11212/262144   ( 4.3%) 
LDR leaf ambient     14474/65536      405272/1835008  (22.1%) 
HDR leaf ambient      2803/65536       78484/1835008  ( 4.3%) 
occluders                0/0               0/0        ( 0.0%) 
occluder polygons        0/0               0/0        ( 0.0%) 
occluder vert ind        0/0               0/0        ( 0.0%) 
detail props          [variable]           1/12       ( 8.3%) 
static props          [variable]           1/3350     ( 0.0%) 
pakfile               [variable]       90676/0        ( 0.0%) 
physics               [variable]     1073785/4194304  (25.6%) 
physics terrain       [variable]           2/1048576  ( 0.0%) 

Level flags = 0

Total triangle count: 17984
Writing c:\users\kosty\desktop\gm_lazersk_tram\maps\gm_lazersk_tram.bsp
24 seconds elapsed



materialPath: D:\Steam\steamapps\common\GarrysMod\garrysmod\materials
Loading C:\Users\kosty\Desktop\gm_lazersk_tram\maps\gm_lazersk_tram.vmf
fixing up env_cubemap materials on brush sides...
0...1...2...3...4...5...6...7...8...9...100...1...2...3...4...5...6...7...8...9...10Processing areas...done (0)
Building Faces...done (0)
FixTjuncs...
PruneNodes...
WriteBSP...
done (0)
writing C:\Users\kosty\Desktop\gm_lazersk_tram\maps\gm_lazersk_tram.prt...
Building visibility clusters...
done (0)
Creating default LDR cubemaps for env_cubemap using skybox materials:
   skybox/sky_day_01*.vmt
 ! Run buildcubemaps in the engine to get the correct cube maps.
Creating default HDR cubemaps for env_cubemap using skybox materials:
   skybox/sky_day_01*.vmt
 ! Run buildcubemaps in the engine to get the correct cube maps.
Finding displacement neighbors...
Finding lightmap sample positions...
Displacement Alpha : 0...1...2...3...4...5...6...7...8...9...10
Building Physics collision data...
done (0) (1073785 bytes)
Placing detail props : 0...1...2...3...4...5...6...7...8...9...10
Compacting texture/material tables...
Reduced 28 texinfos to 8
Reduced 6 texdatas to 6 (144 bytes to 144)
Writing C:\Users\kosty\Desktop\gm_lazersk_tram\maps\gm_lazersk_tram.bsp
2 seconds elapsed



16 threads
reading c:\users\kosty\desktop\gm_lazersk_tram\maps\gm_lazersk_tram.bsp
reading c:\users\kosty\desktop\gm_lazersk_tram\maps\gm_lazersk_tram.prt
 908 portalclusters
1766 numportals
0...1...2...3...4...5...6...7...8...9...100...1...2...3...4...5...6...7...8...9...10Optimized: 0 visible clusters (0.00%)
Total clusters visible: 824432
Average clusters visible: 907
Building PAS...
Average clusters audible: 908
visdatasize:214292  compressed from 217920
writing c:\users\kosty\desktop\gm_lazersk_tram\maps\gm_lazersk_tram.bsp
10 seconds elapsed



[Reading texlights from 'lights.rad']
[45 texlights parsed from 'lights.rad']

Loading c:\users\kosty\desktop\gm_lazersk_tram\maps\gm_lazersk_tram.bsp
PREP OK
8781 faces
15900098 square feet [2289614080.00 square inches]
0 Displacements
0 Square Feet [0.00 Square Inches]
8781 patches before subdivision
610469 patches after subdivision
2 direct lights
0...1...2...3...4...5...6...7...8...9...100...1...2...3...4...5...6...7...8...9...10transfers 54134697, max 7328
transfer lists: 413.0 megs
0...1...2...3...4...5...6...7...8...9...10	Bounce #1 added RGB(232674, 233273, 146237)
0...1...2...3...4...5...6...7...8...9...10	Bounce #2 added RGB(12502, 12199, 6058)
0...1...2...3...4...5...6...7...8...9...10	Bounce #3 added RGB(287, 273, 109)
0...1...2...3...4...5...6...7...8...9...10	Bounce #4 added RGB(17, 16, 5)
0...1...2...3...4...5...6...7...8...9...10	Bounce #5 added RGB(0, 0, 0)
Build Patch/Sample Hash Table(s).....Done<0.2991 sec>
0...1...2...3...4...5...6...7...8...9...10FinalLightFace Done
0 of 0 (0% of) surface lights went in leaf ambient cubes.
0...1...2...3...4...5...6...7...8...9...10Writing leaf ambient...done
Ready to Finish

Object names       Objects/Maxobjs  Memory / Maxmem  Fullness 
------------       ---------------  ---------------  -------- 
models                   1/4096           48/196608   ( 0.0%) 
brushes               3606/16384       43272/196608   (22.0%) 
brushsides           21636/163840     173088/1310720  (13.2%) 
planes                 274/65536        5480/1310720  ( 0.4%) 
vertexes             11547/65536      138564/786432   (17.6%) 
nodes                 2801/65536       89632/2097152  ( 4.3%) 
texinfos                 8/16384         576/1179648  ( 0.0%) 
texdata                  6/8192          192/262144   ( 0.1%) 
dispinfos                0/0               0/0        ( 0.0%) 
disp_verts               0/0               0/0        ( 0.0%) 
disp_tris                0/0               0/0        ( 0.0%) 
disp_lmsamples           0/0               0/0        ( 0.0%) 
faces                 8781/65536      491736/3670016  (13.4%) 
hdr faces                0/65536           0/3670016  ( 0.0%) 
origfaces             1065/65536       59640/3670016  ( 1.6%) 
leaves                2803/65536       89696/2097152  ( 4.3%) 
leaffaces             8867/65536       17734/131072   (13.5%) 
leafbrushes           4578/65536        9156/131072   ( 7.0%) 
areas                    2/1024           16/8192     ( 0.2%) 
surfedges            39806/512000     159224/2048000  ( 7.8%) 
edges                21704/256000      86816/1024000  ( 8.5%) 
LDR worldlights          2/8192          176/720896   ( 0.0%) 
HDR worldlights          0/8192            0/720896   ( 0.0%) 
leafwaterdata            0/32768           0/393216   ( 0.0%) 
waterstrips             49/32768         490/327680   ( 0.1%) 
waterverts               0/65536           0/786432   ( 0.0%) 
waterindices          1164/65536        2328/131072   ( 1.8%) 
cubemapsamples           0/1024            0/16384    ( 0.0%) 
overlays                 0/8192            0/2883584  ( 0.0%) 
LDR lightdata         [variable]    21413420/0        ( 0.0%) 
HDR lightdata         [variable]           0/0        ( 0.0%) 
visdata               [variable]      214292/16777216 ( 1.3%) 
entdata               [variable]        4252/393216   ( 1.1%) 
LDR ambient table     2803/65536       11212/262144   ( 4.3%) 
HDR ambient table     2803/65536       11212/262144   ( 4.3%) 
LDR leaf ambient     14474/65536      405272/1835008  (22.1%) 
HDR leaf ambient      2803/65536       78484/1835008  ( 4.3%) 
occluders                0/0               0/0        ( 0.0%) 
occluder polygons        0/0               0/0        ( 0.0%) 
occluder vert ind        0/0               0/0        ( 0.0%) 
detail props          [variable]           1/12       ( 8.3%) 
static props          [variable]           1/6142     ( 0.0%) 
pakfile               [variable]       90676/0        ( 0.0%) 
physics               [variable]     1073785/4194304  (25.6%) 
physics terrain       [variable]           2/1048576  ( 0.0%) 

Level flags = 0

Total triangle count: 17984
Writing c:\users\kosty\desktop\gm_lazersk_tram\maps\gm_lazersk_tram.bsp
26 seconds elapsed



materialPath: D:\Steam\steamapps\common\GarrysMod\garrysmod\materials
Loading C:\Users\kosty\Desktop\gm_lazersk_tram\maps\gm_lazersk_tram.vmf
fixing up env_cubemap materials on brush sides...
0...1...2...3...4...5...6...7...8...9...100...1...2...3...4...5...6...7...8...9...10Processing areas...done (0)
Building Faces...done (0)
FixTjuncs...
PruneNodes...
WriteBSP...
done (0)
writing C:\Users\kosty\Desktop\gm_lazersk_tram\maps\gm_lazersk_tram.prt...
Building visibility clusters...
done (0)
Creating default LDR cubemaps for env_cubemap using skybox materials:
   skybox/sky_day_01*.vmt
 ! Run buildcubemaps in the engine to get the correct cube maps.
Creating default HDR cubemaps for env_cubemap using skybox materials:
   skybox/sky_day_01*.vmt
 ! Run buildcubemaps in the engine to get the correct cube maps.
Finding displacement neighbors...
Finding lightmap sample positions...
Displacement Alpha : 0...1...2...3...4...5...6...7...8...9...10
Building Physics collision data...
done (1) (1073785 bytes)
Placing detail props : 0...1...2...3...4...5...6...7...8...9...10
Compacting texture/material tables...
Reduced 28 texinfos to 8
Reduced 6 texdatas to 6 (144 bytes to 144)
Writing C:\Users\kosty\Desktop\gm_lazersk_tram\maps\gm_lazersk_tram.bsp
2 seconds elapsed



16 threads
reading c:\users\kosty\desktop\gm_lazersk_tram\maps\gm_lazersk_tram.bsp
reading c:\users\kosty\desktop\gm_lazersk_tram\maps\gm_lazersk_tram.prt
 908 portalclusters
1766 numportals
0...1...2...3...4...5...6...7...8...9...100...1...2...3...4...5...6...7...8...9...10Optimized: 0 visible clusters (0.00%)
Total clusters visible: 824432
Average clusters visible: 907
Building PAS...
Average clusters audible: 908
visdatasize:214292  compressed from 217920
writing c:\users\kosty\desktop\gm_lazersk_tram\maps\gm_lazersk_tram.bsp
10 seconds elapsed



[Reading texlights from 'lights.rad']
[45 texlights parsed from 'lights.rad']

Loading c:\users\kosty\desktop\gm_lazersk_tram\maps\gm_lazersk_tram.bsp
PREP OK
8781 faces
15900098 square feet [2289614080.00 square inches]
0 Displacements
0 Square Feet [0.00 Square Inches]
8781 patches before subdivision
610469 patches after subdivision
2 direct lights
0...1...2...3...4...5...6...7...8...9...100...1...2...3...4...5...6...7...8...9...10transfers 54037726, max 7326
transfer lists: 412.3 megs
0...1...2...3...4...5...6...7...8...9...10	Bounce #1 added RGB(234327, 234753, 147439)
0...1...2...3...4...5...6...7...8...9...10	Bounce #2 added RGB(12667, 12345, 6165)
0...1...2...3...4...5...6...7...8...9...10	Bounce #3 added RGB(294, 278, 112)
0...1...2...3...4...5...6...7...8...9...10	Bounce #4 added RGB(17, 16, 5)
0...1...2...3...4...5...6...7...8...9...10	Bounce #5 added RGB(0, 0, 0)
Build Patch/Sample Hash Table(s).....Done<0.3093 sec>
0...1...2...3...4...5...6...7...8...9...10FinalLightFace Done
0 of 0 (0% of) surface lights went in leaf ambient cubes.
0...1...2...3...4...5...6...7...8...9...10Writing leaf ambient...done
Ready to Finish

Object names       Objects/Maxobjs  Memory / Maxmem  Fullness 
------------       ---------------  ---------------  -------- 
models                   1/4096           48/196608   ( 0.0%) 
brushes               3606/16384       43272/196608   (22.0%) 
brushsides           21636/163840     173088/1310720  (13.2%) 
planes                 274/65536        5480/1310720  ( 0.4%) 
vertexes             11547/65536      138564/786432   (17.6%) 
nodes                 2801/65536       89632/2097152  ( 4.3%) 
texinfos                 8/16384         576/1179648  ( 0.0%) 
texdata                  6/8192          192/262144   ( 0.1%) 
dispinfos                0/0               0/0        ( 0.0%) 
disp_verts               0/0               0/0        ( 0.0%) 
disp_tris                0/0               0/0        ( 0.0%) 
disp_lmsamples           0/0               0/0        ( 0.0%) 
faces                 8781/65536      491736/3670016  (13.4%) 
hdr faces                0/65536           0/3670016  ( 0.0%) 
origfaces             1065/65536       59640/3670016  ( 1.6%) 
leaves                2803/65536       89696/2097152  ( 4.3%) 
leaffaces             8867/65536       17734/131072   (13.5%) 
leafbrushes           4578/65536        9156/131072   ( 7.0%) 
areas                    2/1024           16/8192     ( 0.2%) 
surfedges            39806/512000     159224/2048000  ( 7.8%) 
edges                21704/256000      86816/1024000  ( 8.5%) 
LDR worldlights          2/8192          176/720896   ( 0.0%) 
HDR worldlights          0/8192            0/720896   ( 0.0%) 
leafwaterdata            0/32768           0/393216   ( 0.0%) 
waterstrips             49/32768         490/327680   ( 0.1%) 
waterverts               0/65536           0/786432   ( 0.0%) 
waterindices          1164/65536        2328/131072   ( 1.8%) 
cubemapsamples           0/1024            0/16384    ( 0.0%) 
overlays                 0/8192            0/2883584  ( 0.0%) 
LDR lightdata         [variable]    21413420/0        ( 0.0%) 
HDR lightdata         [variable]           0/0        ( 0.0%) 
visdata               [variable]      214292/16777216 ( 1.3%) 
entdata               [variable]        4252/393216   ( 1.1%) 
LDR ambient table     2803/65536       11212/262144   ( 4.3%) 
HDR ambient table     2803/65536       11212/262144   ( 4.3%) 
LDR leaf ambient     14474/65536      405272/1835008  (22.1%) 
HDR leaf ambient      2803/65536       78484/1835008  ( 4.3%) 
occluders                0/0               0/0        ( 0.0%) 
occluder polygons        0/0               0/0        ( 0.0%) 
occluder vert ind        0/0               0/0        ( 0.0%) 
detail props          [variable]           1/12       ( 8.3%) 
static props          [variable]           1/6664     ( 0.0%) 
pakfile               [variable]       90676/0        ( 0.0%) 
physics               [variable]     1073785/4194304  (25.6%) 
physics terrain       [variable]           2/1048576  ( 0.0%) 

Level flags = 0

Total triangle count: 17984
Writing c:\users\kosty\desktop\gm_lazersk_tram\maps\gm_lazersk_tram.bsp
28 seconds elapsed
