PRT1
30
49
4 0 2 (1024 3072 0 ) (1024 3072 1312 ) (0 3072 1312 ) (0 3072 0 ) 
4 0 1 (0 3072 0 ) (0 3072 1312 ) (0 4096 1312 ) (0 4096 0 ) 
4 1 4 (-1024 3072 0 ) (-1024 3072 1312 ) (-1024 4096 1312 ) (-1024 4096 0 ) 
4 1 3 (0 3072 0 ) (0 3072 1312 ) (-1024 3072 1312 ) (-1024 3072 0 ) 
4 2 10 (1024 2048 0 ) (1024 2048 1312 ) (0 2048 1312 ) (0 2048 0 ) 
4 2 3 (0 3072 1312 ) (0 3072 0 ) (0 2048 0 ) (0 2048 1312 ) 
4 3 11 (0 2048 0 ) (0 2048 1312 ) (-1024 2048 1312 ) (-1024 2048 0 ) 
4 3 6 (-1024 2048 0 ) (-1024 2048 1312 ) (-1024 3072 1312 ) (-1024 3072 0 ) 
4 4 6 (-1024 3072 0 ) (-1024 3072 1312 ) (-2048 3072 1312 ) (-2048 3072 0 ) 
4 4 5 (-2048 3072 0 ) (-2048 3072 1312 ) (-2048 4096 1312 ) (-2048 4096 0 ) 
4 5 8 (-3072 3072 0 ) (-3072 3072 1312 ) (-3072 4096 1312 ) (-3072 4096 0 ) 
4 5 7 (-2048 3072 0 ) (-2048 3072 1312 ) (-3072 3072 1312 ) (-3072 3072 0 ) 
4 6 18 (-1024 2048 0 ) (-1024 2048 1312 ) (-2048 2048 1312 ) (-2048 2048 0 ) 
4 6 7 (-2048 3072 1312 ) (-2048 3072 0 ) (-2048 2048 0 ) (-2048 2048 1312 ) 
4 7 19 (-2048 2048 0 ) (-2048 2048 1312 ) (-3072 2048 1312 ) (-3072 2048 0 ) 
4 7 9 (-3072 2048 0 ) (-3072 2048 1312 ) (-3072 3072 1312 ) (-3072 3072 0 ) 
4 8 9 (-3072 3072 0 ) (-3072 3072 1312 ) (-3840 3072 1312 ) (-3840 3072 0 ) 
4 9 22 (-3072 2048 0 ) (-3072 2048 1312 ) (-3840 2048 1312 ) (-3840 2048 0 ) 
4 10 12 (1024 1024 0 ) (1024 1024 1312 ) (0 1024 1312 ) (0 1024 0 ) 
4 10 11 (0 2048 1312 ) (0 2048 0 ) (0 1024 0 ) (0 1024 1312 ) 
4 11 18 (-1024 2048 1312 ) (-1024 2048 0 ) (-1024 1024 0 ) (-1024 1024 1312 ) 
4 11 13 (0 1024 0 ) (0 1024 1312 ) (-1024 1024 1312 ) (-1024 1024 0 ) 
4 12 14 (1024 0 0 ) (1024 0 1312 ) (0 0 1312 ) (0 0 0 ) 
4 12 13 (0 1024 1312 ) (0 1024 0 ) (0 0 0 ) (0 0 1312 ) 
4 13 20 (-1024 0 0 ) (-1024 0 1312 ) (-1024 1024 1312 ) (-1024 1024 0 ) 
4 13 15 (0 0 0 ) (0 0 1312 ) (-1024 0 1312 ) (-1024 0 0 ) 
4 14 16 (1024 -1024 0 ) (1024 -1024 1312 ) (0 -1024 1312 ) (0 -1024 0 ) 
4 14 15 (0 0 1312 ) (0 0 0 ) (0 -1024 0 ) (0 -1024 1312 ) 
4 15 24 (-1024 -1024 0 ) (-1024 -1024 1312 ) (-1024 0 1312 ) (-1024 0 0 ) 
4 15 17 (0 -1024 0 ) (0 -1024 1312 ) (-1024 -1024 1312 ) (-1024 -1024 0 ) 
4 16 17 (0 -1536 0 ) (0 -1536 1312 ) (0 -1024 1312 ) (0 -1024 0 ) 
4 17 26 (-1024 -1536 0 ) (-1024 -1536 1312 ) (-1024 -1024 1312 ) (-1024 -1024 0 ) 
4 18 20 (-1024 1024 0 ) (-1024 1024 1312 ) (-2048 1024 1312 ) (-2048 1024 0 ) 
4 18 19 (-2048 2048 1312 ) (-2048 2048 0 ) (-2048 1024 0 ) (-2048 1024 1312 ) 
4 19 22 (-3072 2048 1312 ) (-3072 2048 0 ) (-3072 1024 0 ) (-3072 1024 1312 ) 
4 19 21 (-2048 1024 0 ) (-2048 1024 1312 ) (-3072 1024 1312 ) (-3072 1024 0 ) 
4 20 24 (-1024 0 0 ) (-1024 0 1312 ) (-2048 0 1312 ) (-2048 0 0 ) 
4 20 21 (-2048 1024 1312 ) (-2048 1024 0 ) (-2048 0 0 ) (-2048 0 1312 ) 
4 21 25 (-2048 0 0 ) (-2048 0 1312 ) (-3072 0 1312 ) (-3072 0 0 ) 
4 21 23 (-3072 0 0 ) (-3072 0 1312 ) (-3072 1024 1312 ) (-3072 1024 0 ) 
4 22 23 (-3072 1024 0 ) (-3072 1024 1312 ) (-3840 1024 1312 ) (-3840 1024 0 ) 
4 23 28 (-3072 0 0 ) (-3072 0 1312 ) (-3840 0 1312 ) (-3840 0 0 ) 
4 24 26 (-1024 -1024 0 ) (-1024 -1024 1312 ) (-2048 -1024 1312 ) (-2048 -1024 0 ) 
4 24 25 (-2048 0 1312 ) (-2048 0 0 ) (-2048 -1024 0 ) (-2048 -1024 1312 ) 
4 25 28 (-3072 0 1312 ) (-3072 0 0 ) (-3072 -1024 0 ) (-3072 -1024 1312 ) 
4 25 27 (-2048 -1024 0 ) (-2048 -1024 1312 ) (-3072 -1024 1312 ) (-3072 -1024 0 ) 
4 26 27 (-2048 -1536 0 ) (-2048 -1536 1312 ) (-2048 -1024 1312 ) (-2048 -1024 0 ) 
4 27 29 (-3072 -1536 0 ) (-3072 -1536 1312 ) (-3072 -1024 1312 ) (-3072 -1024 0 ) 
4 28 29 (-3072 -1024 0 ) (-3072 -1024 1312 ) (-3840 -1024 1312 ) (-3840 -1024 0 ) 
